<?xml version="1.0" encoding="UTF-8"?>
<!-- Generated by org.testng.reporters.JUnitXMLReporter -->
<testsuite ignored="0" hostname="MSI" failures="0" tests="3" name="Default test" time="18.78" errors="0" timestamp="2024-08-13T13:12:37 GST">
  <testcase classname="Testing.TestMethodClass.LoginTest" name="testLogin" time="1.764"/>
  <testcase classname="Testing.TestMethodClass.LoginTest" name="dashbordlogin" time="1.741"/>
  <testcase classname="Testing.TestMethodClass.LoginTest" name="AdminSearch" time="0.434"/>
</testsuite> <!-- Default test -->
