<?xml version="1.0" encoding="UTF-8"?>
<testng-results ignored="0" total="1" passed="1" failed="0" skipped="0">
  <reporter-output>
  </reporter-output>
  <suite started-at="2024-08-14T11:55:13 GST" name="Default suite" finished-at="2024-08-14T11:55:13 GST" duration-ms="76">
    <groups>
    </groups>
    <test started-at="2024-08-14T11:55:13 GST" name="Default test" finished-at="2024-08-14T11:55:13 GST" duration-ms="76">
      <class name="Testing.TestMethodClass.gitTest">
        <test-method signature="gitTest1()[pri:0, instance:Testing.TestMethodClass.gitTest@51c668e3]" started-at="2024-08-14T11:55:13 GST" name="gitTest1" finished-at="2024-08-14T11:55:13 GST" duration-ms="11" status="PASS">
          <reporter-output>
          </reporter-output>
        </test-method> <!-- gitTest1 -->
      </class> <!-- Testing.TestMethodClass.gitTest -->
    </test> <!-- Default test -->
  </suite> <!-- Default suite -->
</testng-results>
